<?xml version="1.0" encoding="UTF-8"?>
<testsuite xmlns:xsi="http://www.w3.org/2001/XMLSchema-instance" xsi:noNamespaceSchemaLocation="https://maven.apache.org/surefire/maven-surefire-plugin/xsd/surefire-test-report-3.0.xsd" version="3.0" name="com.assignment2.metrics.PerformanceTrackerTest" time="0.026" tests="4" errors="0" skipped="0" failures="0">
  <properties>
[...]
</properties>
  <testcase name="testExecutionTime" classname="com.assignment2.metrics.PerformanceTrackerTest" time="0.021"/>
  <testcase name="testReset" classname="com.assignment2.metrics.PerformanceTrackerTest" time="0.001"/>
  <testcase name="testIncrementOperations" classname="com.assignment2.metrics.PerformanceTrackerTest" time="0.0"/>
  <testcase name="testInitialValues" classname="com.assignment2.metrics.PerformanceTrackerTest" time="0.0"/>
</testsuite>